2021-09-16 09:12:44,883 - INFO - auto_listing.py - __main__ - listing_item2 - Message: unknown error: net::ERR_CONNECTION_RESET
  (Session info: chrome=93.0.4577.82)

2021-09-16 09:12:48,486 - INFO - auto_listing.py - __main__ - listing_item3 - Message: unknown error: net::ERR_CONNECTION_RESET
  (Session info: chrome=93.0.4577.82)

2021-09-16 09:13:24,545 - INFO - auto_listing.py - __main__ - listing_item - Message: unknown error: net::ERR_CONNECTION_RESET
  (Session info: chrome=93.0.4577.82)

2021-09-16 09:13:28,734 - INFO - auto_listing.py - __main__ - listing_item2 - Message: unknown error: net::ERR_CONNECTION_RESET
  (Session info: chrome=93.0.4577.82)

2021-09-16 09:13:32,856 - INFO - auto_listing.py - __main__ - listing_item3 - Message: unknown error: net::ERR_CONNECTION_RESET
  (Session info: chrome=93.0.4577.82)

2021-09-16 09:16:39,129 - INFO - auto_listing.py - __main__ - listing_item - Message: unknown error: net::ERR_CONNECTION_RESET
  (Session info: chrome=93.0.4577.82)

2021-09-16 09:16:45,293 - INFO - auto_listing.py - __main__ - listing_item2 - Message: no such window: target window already closed
from unknown error: web view not found
  (Session info: chrome=93.0.4577.82)

2021-09-16 09:22:42,365 - INFO - auto_listing.py - __main__ - listing_item - Message: unknown error: net::ERR_CONNECTION_RESET
  (Session info: chrome=93.0.4577.82)

2021-09-16 09:40:33,120 - INFO - auto_listing.py - __main__ - listing_item - Message: unknown error: net::ERR_CONNECTION_RESET
  (Session info: chrome=93.0.4577.82)

2021-09-16 09:40:37,394 - INFO - auto_listing.py - __main__ - listing_item2 - Message: unknown error: cannot determine loading status
from disconnected: received Inspector.detached event
  (Session info: chrome=93.0.4577.82)

2021-09-16 10:04:00,115 - INFO - auto_listing.py - __main__ - listing_item - Message: no such element: Unable to locate element: {"method":"css selector","selector":"[id="selectFile"]"}
  (Session info: chrome=93.0.4577.82)

2021-09-16 10:04:04,204 - INFO - auto_listing.py - __main__ - listing_item2 - Message: no such element: Unable to locate element: {"method":"css selector","selector":"[id="selectFile"]"}
  (Session info: chrome=93.0.4577.82)

2021-09-16 10:09:37,952 - INFO - auto_listing.py - __main__ - listing_item - Message: unknown error: net::ERR_CONNECTION_RESET
  (Session info: chrome=93.0.4577.82)

2021-09-16 10:09:42,733 - INFO - auto_listing.py - __main__ - listing_item2 - Message: no such window: target window already closed
from unknown error: web view not found
  (Session info: chrome=93.0.4577.82)

2021-09-16 10:09:47,822 - INFO - auto_listing.py - __main__ - listing_item3 - Message: no such window: target window already closed
from unknown error: web view not found
  (Session info: chrome=93.0.4577.82)

2021-09-16 10:17:50,103 - INFO - auto_listing.py - __main__ - listing_item - Message: unknown error: net::ERR_CONNECTION_RESET
  (Session info: chrome=93.0.4577.82)

2021-09-16 10:17:54,491 - INFO - auto_listing.py - __main__ - listing_item2 - Message: unknown error: net::ERR_CONNECTION_RESET
  (Session info: chrome=93.0.4577.82)

2021-09-16 10:18:44,732 - INFO - auto_listing.py - __main__ - listing_item - Message: unknown error: net::ERR_CONNECTION_RESET
  (Session info: chrome=93.0.4577.82)

2021-09-16 10:21:09,425 - INFO - auto_listing.py - __main__ - listing_item - Message: unknown error: net::ERR_CONNECTION_RESET
  (Session info: chrome=93.0.4577.82)

2021-09-16 10:49:50,829 - INFO - auto_listing.py - __main__ - listing_item - Message: unknown error: net::ERR_CONNECTION_RESET
  (Session info: chrome=93.0.4577.82)

2021-09-16 11:42:02,886 - INFO - auto_listing_sub.py - __main__ - listing_item - Message: unknown error: net::ERR_CONNECTION_RESET
  (Session info: chrome=93.0.4577.82)

2021-09-16 11:43:05,164 - INFO - auto_listing_sub.py - __main__ - listing_item - Message: unknown error: net::ERR_CONNECTION_RESET
  (Session info: chrome=93.0.4577.82)

2021-09-16 11:43:45,968 - INFO - auto_listing_sub.py - __main__ - listing_item - Message: unknown error: net::ERR_CONNECTION_RESET
  (Session info: chrome=93.0.4577.82)

2021-09-16 11:44:28,649 - INFO - auto_listing_sub.py - __main__ - listing_item - sleep length must be non-negative
2021-09-16 11:44:54,967 - INFO - auto_listing_sub.py - __main__ - listing_item - 6.776799440383911
2021-09-16 11:45:00,612 - INFO - auto_listing_sub.py - __main__ - listing_item - 5.644484758377075
2021-09-16 11:45:06,637 - INFO - auto_listing_sub.py - __main__ - listing_item - 6.024418115615845
2021-09-16 11:45:07,798 - INFO - auto_listing_sub.py - __main__ - listing_item - 'NoneType' object has no attribute 'click'
2021-09-16 11:47:27,284 - INFO - auto_listing_sub.py - auto_listing_sub - listing_item - unsupported operand type(s) for -: 'str' and 'int'
2021-09-16 11:48:42,475 - INFO - auto_listing_sub.py - auto_listing_sub - listing_item - Message: chrome not reachable
  (Session info: chrome=93.0.4577.82)

2021-09-16 11:55:30,737 - INFO - auto_listing_sub.py - auto_listing_sub - listing_item - Message: unknown error: net::ERR_CONNECTION_RESET
  (Session info: chrome=93.0.4577.82)

2021-09-16 15:43:17,947 - INFO - auto_listing_sub.py - auto_listing_sub - listing_item - Message: unknown error: net::ERR_CONNECTION_RESET
  (Session info: chrome=93.0.4577.82)

2021-09-16 19:08:27,079 - INFO - auto_listing.py - __main__ - listing_item - Message: unknown error: cannot determine loading status
from disconnected: received Inspector.detached event
  (Session info: chrome=93.0.4577.82)

2021-09-16 19:08:30,751 - INFO - auto_listing.py - __main__ - listing_item3 - ('Connection aborted.', ConnectionResetError(10054, '既存の接続はリモート ホストに強制的に切断されました。', None, 10054, None))
2021-09-16 19:08:31,064 - INFO - auto_listing.py - __main__ - listing_item2 - Message: no such window: target window already closed
from unknown error: web view not found
  (Session info: chrome=93.0.4577.82)

2021-09-16 19:10:07,786 - INFO - auto_listing_sub.py - auto_listing_sub - listing_item - Message: chrome not reachable
  (Session info: chrome=93.0.4577.82)

2021-09-16 19:10:46,239 - INFO - auto_listing_sub.py - auto_listing_sub - listing_item - Message: no such element: Unable to locate element: {"method":"css selector","selector":"[id="auc_preview_submit_up"]"}
  (Session info: chrome=93.0.4577.82)

2021-09-16 19:13:07,814 - INFO - auto_listing.py - __main__ - listing_item3 - Message: no such window: target window already closed
from unknown error: web view not found
  (Session info: chrome=93.0.4577.82)

2021-09-16 19:13:13,958 - INFO - auto_listing.py - __main__ - listing_item2 - Message: chrome not reachable
  (Session info: chrome=93.0.4577.82)

2021-09-16 19:13:15,641 - INFO - auto_listing.py - __main__ - listing_item - Message: chrome not reachable
  (Session info: chrome=93.0.4577.82)

2021-09-16 19:14:47,394 - INFO - auto_listing_sub.py - auto_listing_sub - listing_item - Message: no such window: target window already closed
from unknown error: web view not found
  (Session info: chrome=93.0.4577.82)

