2021-09-18 08:10:37,210 - INFO - auto_listing.py - __mp_main__ - listing_item - [Errno 2] No such file or directory: 'item+500.csv'
2021-09-18 08:10:41,408 - INFO - auto_listing.py - __mp_main__ - listing_item2 - [Errno 2] No such file or directory: 'item+500.csv'
2021-09-18 08:10:45,298 - INFO - auto_listing.py - __mp_main__ - listing_item3 - [Errno 2] No such file or directory: 'item+500.csv'
2021-09-18 08:35:40,308 - INFO - auto_listing_sub.py - auto_listing_sub - listing_item - ('Connection aborted.', ConnectionResetError(10054, '既存の接続はリモート ホストに強制的に切断されました。', None, 10054, None))
2021-09-18 08:36:43,152 - INFO - auto_listing.py - __main__ - listing_item - Message: no such window: target window already closed
from unknown error: web view not found
  (Session info: chrome=93.0.4577.82)

2021-09-18 08:36:49,508 - INFO - auto_listing.py - __main__ - listing_item2 - Message: no such window: target window already closed
from unknown error: web view not found
  (Session info: chrome=93.0.4577.82)

2021-09-18 08:39:50,167 - INFO - auto_listing_sub.py - auto_listing_sub - listing_item - Message: no such window: target window already closed
from unknown error: web view not found
  (Session info: chrome=93.0.4577.82)

2021-09-18 08:56:08,262 - INFO - auto_listing.py - __main__ - listing_item - Message: no such window: target window already closed
from unknown error: web view not found
  (Session info: chrome=93.0.4577.82)

2021-09-18 08:56:20,782 - INFO - auto_listing.py - __main__ - listing_item2 - Message: no such window: target window already closed
from unknown error: web view not found
  (Session info: chrome=93.0.4577.82)

2021-09-18 08:56:31,905 - INFO - auto_listing.py - __main__ - listing_item3 - Message: no such window: target window already closed
from unknown error: web view not found
  (Session info: chrome=93.0.4577.82)

2021-09-18 09:56:53,562 - INFO - auto_listing.py - __main__ - listing_item2 - Message: unknown error: cannot determine loading status
from disconnected: received Inspector.detached event
  (Session info: chrome=93.0.4577.82)

2021-09-18 09:57:38,318 - INFO - auto_listing.py - __main__ - listing_item - Message: chrome not reachable
  (Session info: chrome=93.0.4577.82)

2021-09-18 09:59:05,227 - INFO - auto_listing.py - __main__ - listing_item3 - Message: unknown error: cannot determine loading status
from disconnected: received Inspector.detached event
  (Session info: chrome=93.0.4577.82)

2021-09-18 09:59:21,286 - INFO - auto_listing.py - __main__ - listing_item - Message: chrome not reachable
  (Session info: chrome=93.0.4577.82)

2021-09-18 10:37:17,287 - INFO - auto_listing_sub.py - auto_listing_sub - listing_item - Message: no such window: target window already closed
from unknown error: web view not found
  (Session info: chrome=93.0.4577.82)

2021-09-18 10:37:51,472 - INFO - auto_listing_sub.py - auto_listing_sub - listing_item - Message: element click intercepted: Element <label class="Radio__label js-radio-label is-check">...</label> is not clickable at point (588, 24). Other element would receive the click: <h3 class="Title__header3">...</h3>
  (Session info: chrome=93.0.4577.82)

2021-09-18 10:53:03,631 - INFO - auto_listing_sub.py - auto_listing_sub - listing_item - Message: no such window: target window already closed
from unknown error: web view not found
  (Session info: chrome=93.0.4577.82)

2021-09-18 10:54:23,754 - INFO - auto_listing_sub.py - auto_listing_sub - listing_item - Message: javascript error: Unexpected number
  (Session info: chrome=93.0.4577.82)

2021-09-18 11:00:34,589 - INFO - auto_listing_sub.py - auto_listing_sub - listing_item - Message: javascript error: Invalid or unexpected token
  (Session info: chrome=93.0.4577.82)

2021-09-18 11:02:25,058 - INFO - auto_listing_sub.py - auto_listing_sub - listing_item - Message: javascript error: Invalid or unexpected token
  (Session info: chrome=93.0.4577.82)

2021-09-18 11:04:58,630 - INFO - auto_listing_sub.py - auto_listing_sub - listing_item - Message: javascript error: Unexpected identifier
  (Session info: chrome=93.0.4577.82)

2021-09-18 11:05:51,518 - INFO - auto_listing_sub.py - auto_listing_sub - listing_item - Message: javascript error: Unexpected identifier
  (Session info: chrome=93.0.4577.82)

2021-09-18 11:06:34,922 - INFO - auto_listing_sub.py - auto_listing_sub - listing_item - Message: javascript error: Unexpected identifier
  (Session info: chrome=93.0.4577.82)

2021-09-18 11:11:00,750 - INFO - auto_listing_sub.py - auto_listing_sub - listing_item - Message: javascript error: Unexpected string
  (Session info: chrome=93.0.4577.82)

2021-09-18 11:12:02,027 - INFO - auto_listing_sub.py - auto_listing_sub - listing_item - Message: javascript error: Unexpected identifier
  (Session info: chrome=93.0.4577.82)

2021-09-18 11:12:38,075 - INFO - auto_listing_sub.py - auto_listing_sub - listing_item - Message: javascript error: Unexpected identifier
  (Session info: chrome=93.0.4577.82)

2021-09-18 11:42:05,106 - INFO - auto_listing_sub.py - auto_listing_sub - listing_item - Message: javascript error: Unexpected number
  (Session info: chrome=93.0.4577.82)

2021-09-18 11:47:10,687 - INFO - auto_listing_sub.py - auto_listing_sub - listing_item - Message: javascript error: Invalid or unexpected token
  (Session info: chrome=93.0.4577.82)

2021-09-18 12:10:32,347 - INFO - auto_listing_sub.py - auto_listing_sub - listing_item - nothing to repeat at position 0
2021-09-18 12:11:52,848 - INFO - auto_listing_sub.py - auto_listing_sub - listing_item - nothing to repeat at position 0
2021-09-18 12:24:19,154 - INFO - auto_listing_sub.py - auto_listing_sub - listing_item - list index out of range
2021-09-18 12:25:59,983 - INFO - auto_listing_sub.py - auto_listing_sub - listing_item - Message: javascript error: Unexpected token '<'
  (Session info: chrome=93.0.4577.82)

2021-09-18 12:28:38,108 - INFO - auto_listing_sub.py - auto_listing_sub - listing_item - Message: javascript error: Unexpected number
  (Session info: chrome=93.0.4577.82)

2021-09-18 12:29:54,733 - INFO - auto_listing_sub.py - auto_listing_sub - listing_item - Message: javascript error: document.getElementByName is not a function
  (Session info: chrome=93.0.4577.82)

2021-09-18 12:31:30,682 - INFO - auto_listing_sub.py - auto_listing_sub - listing_item - Message: javascript error: Unexpected number
  (Session info: chrome=93.0.4577.82)

2021-09-18 12:36:10,454 - INFO - auto_listing_sub.py - auto_listing_sub - listing_item - Message: javascript error: Unexpected number
  (Session info: chrome=93.0.4577.82)

2021-09-18 12:36:54,720 - INFO - auto_listing_sub.py - auto_listing_sub - listing_item - Message: javascript error: Unexpected number
  (Session info: chrome=93.0.4577.82)

2021-09-18 12:40:30,517 - INFO - auto_listing_sub.py - auto_listing_sub - listing_item - Message: javascript error: Unexpected number
  (Session info: chrome=93.0.4577.82)

2021-09-18 12:42:20,468 - INFO - auto_listing_sub.py - auto_listing_sub - listing_item - Message: javascript error: Unexpected number
  (Session info: chrome=93.0.4577.82)

2021-09-18 12:59:01,967 - INFO - auto_listing.py - __mp_main__ - listing_item2 - Message: chrome not reachable
  (Session info: chrome=93.0.4577.82)

2021-09-18 13:03:11,598 - INFO - auto_listing.py - __mp_main__ - listing_item - Message: chrome not reachable
  (Session info: chrome=93.0.4577.82)

2021-09-18 13:04:08,306 - INFO - auto_listing.py - __mp_main__ - listing_item - Message: chrome not reachable
  (Session info: chrome=93.0.4577.82)

2021-09-18 13:04:12,239 - INFO - auto_listing.py - __mp_main__ - listing_item2 - Message: no such window: target window already closed
from unknown error: web view not found
  (Session info: chrome=93.0.4577.82)

2021-09-18 13:04:13,478 - INFO - auto_listing.py - __mp_main__ - listing_item3 - name 'driver' is not defined
2021-09-18 13:05:31,800 - INFO - auto_listing.py - __mp_main__ - listing_item - Message: no such window: target window already closed
from unknown error: web view not found
  (Session info: chrome=93.0.4577.82)

2021-09-18 13:05:38,670 - INFO - auto_listing.py - __mp_main__ - listing_item2 - Message: no such window: target window already closed
from unknown error: web view not found
  (Session info: chrome=93.0.4577.82)

2021-09-18 13:18:36,029 - INFO - auto_listing.py - __main__ - listing_item - Message: no such element: Unable to locate element: {"method":"css selector","selector":"[id="auc_preview_submit_up"]"}
  (Session info: chrome=93.0.4577.82)

2021-09-18 13:18:46,765 - INFO - auto_listing.py - __main__ - listing_item2 - Message: chrome not reachable
  (Session info: chrome=93.0.4577.82)

2021-09-18 13:21:37,564 - INFO - auto_listing.py - __mp_main__ - listing_item3 - Unable to allocate 6.69 GiB for an array with shape (2506, 113) and data type <U6341
2021-09-18 13:21:51,182 - INFO - auto_listing.py - __mp_main__ - listing_item2 - Message: no such window: target window already closed
from unknown error: web view not found
  (Session info: chrome=93.0.4577.82)

2021-09-18 13:21:57,874 - INFO - auto_listing.py - __mp_main__ - listing_item - Message: no such window: target window already closed
from unknown error: web view not found
  (Session info: chrome=93.0.4577.82)

2021-09-18 13:23:50,494 - INFO - auto_listing.py - __mp_main__ - listing_item2 - Message: no such window: target window already closed
from unknown error: web view not found
  (Session info: chrome=93.0.4577.82)

2021-09-18 13:24:11,271 - INFO - auto_listing.py - __mp_main__ - listing_item - Message: no such window: target window already closed
from unknown error: web view not found
  (Session info: chrome=93.0.4577.82)

2021-09-18 13:24:14,472 - INFO - auto_listing.py - __mp_main__ - listing_item3 - Message: chrome not reachable
  (Session info: chrome=93.0.4577.82)

2021-09-18 13:25:11,945 - INFO - auto_listing_sub.py - auto_listing_sub - listing_item - Message: no such window: target window already closed
from unknown error: web view not found
  (Session info: chrome=93.0.4577.82)

2021-09-18 13:30:29,827 - INFO - auto_listing.py - __main__ - listing_item - Message: no such window: target window already closed
from unknown error: web view not found
  (Session info: chrome=93.0.4577.82)

2021-09-18 13:30:39,675 - INFO - auto_listing.py - __main__ - listing_item2 - Message: chrome not reachable
  (Session info: chrome=93.0.4577.82)

2021-09-18 13:30:43,052 - INFO - auto_listing.py - __main__ - listing_item3 - Message: no such window: target window already closed
from unknown error: web view not found
  (Session info: chrome=93.0.4577.82)

2021-09-18 13:31:46,699 - INFO - auto_listing.py - __main__ - listing_item3 - Unable to allocate 6.69 GiB for an array with shape (2506, 113) and data type <U6341
2021-09-18 13:32:15,168 - INFO - auto_listing.py - __main__ - listing_item2 - Message: no such window: target window already closed
from unknown error: web view not found
  (Session info: chrome=93.0.4577.82)

2021-09-18 13:32:16,417 - INFO - auto_listing.py - __main__ - listing_item - Message: no such window: target window already closed
from unknown error: web view not found
  (Session info: chrome=93.0.4577.82)

